{"/Users/hana.jamal/Documents/CareEntry/careentry-frontend/src/assets/care-entry.png": {"path":"/Users/hana.jamal/Documents/CareEntry/careentry-frontend/src/assets/care-entry.png","statementMap":{},"fnMap":{},"branchMap":{},"s":{},"f":{},"b":{},"meta":{"lastBranch":0,"lastFunction":0,"lastStatement":0,"seen":{}}}
,"/Users/hana.jamal/Documents/CareEntry/careentry-frontend/src/components/FileUpload.jsx": {"path":"/Users/hana.jamal/Documents/CareEntry/careentry-frontend/src/components/FileUpload.jsx","statementMap":{"0":{"start":{"line":4,"column":38},"end":{"line":4,"column":null}},"1":{"start":{"line":5,"column":28},"end":{"line":5,"column":null}},"2":{"start":{"line":6,"column":24},"end":{"line":6,"column":null}},"3":{"start":{"line":8,"column":27},"end":{"line":41,"column":null}},"4":{"start":{"line":9,"column":17},"end":{"line":9,"column":null}},"5":{"start":{"line":10,"column":4},"end":{"line":10,"column":null}},"6":{"start":{"line":10,"column":15},"end":{"line":10,"column":null}},"7":{"start":{"line":12,"column":4},"end":{"line":12,"column":null}},"8":{"start":{"line":15,"column":19},"end":{"line":15,"column":null}},"9":{"start":{"line":16,"column":4},"end":{"line":19,"column":null}},"10":{"start":{"line":17,"column":6},"end":{"line":17,"column":null}},"11":{"start":{"line":18,"column":6},"end":{"line":18,"column":null}},"12":{"start":{"line":22,"column":25},"end":{"line":22,"column":null}},"13":{"start":{"line":22,"column":59},"end":{"line":22,"column":67}},"14":{"start":{"line":23,"column":26},"end":{"line":23,"column":null}},"15":{"start":{"line":24,"column":4},"end":{"line":27,"column":null}},"16":{"start":{"line":25,"column":6},"end":{"line":25,"column":null}},"17":{"start":{"line":26,"column":6},"end":{"line":26,"column":null}},"18":{"start":{"line":29,"column":4},"end":{"line":29,"column":null}},"19":{"start":{"line":32,"column":4},"end":{"line":40,"column":null}},"20":{"start":{"line":33,"column":21},"end":{"line":33,"column":null}},"21":{"start":{"line":34,"column":6},"end":{"line":36,"column":null}},"22":{"start":{"line":35,"column":8},"end":{"line":35,"column":null}},"23":{"start":{"line":37,"column":6},"end":{"line":37,"column":null}},"24":{"start":{"line":39,"column":6},"end":{"line":39,"column":null}},"25":{"start":{"line":43,"column":21},"end":{"line":49,"column":null}},"26":{"start":{"line":44,"column":2},"end":{"line":44,"column":null}},"27":{"start":{"line":45,"column":15},"end":{"line":45,"column":null}},"28":{"start":{"line":46,"column":2},"end":{"line":48,"column":null}},"29":{"start":{"line":47,"column":4},"end":{"line":47,"column":null}},"30":{"start":{"line":51,"column":25},"end":{"line":53,"column":null}},"31":{"start":{"line":52,"column":4},"end":{"line":52,"column":null}},"32":{"start":{"line":55,"column":2},"end":{"line":142,"column":null}},"33":{"start":{"line":60,"column":26},"end":{"line":60,"column":null}},"34":{"start":{"line":61,"column":26},"end":{"line":61,"column":null}},"35":{"start":{"line":118,"column":14},"end":{"line":118,"column":null}},"36":{"start":{"line":119,"column":14},"end":{"line":119,"column":null}},"37":{"start":{"line":120,"column":14},"end":{"line":120,"column":null}}},"fnMap":{"0":{"name":"FileUpload","decl":{"start":{"line":3,"column":9},"end":{"line":3,"column":20}},"loc":{"start":{"line":3,"column":80},"end":{"line":144,"column":null}},"line":3},"1":{"name":"(anonymous_1)","decl":{"start":{"line":8,"column":27},"end":{"line":8,"column":28}},"loc":{"start":{"line":8,"column":34},"end":{"line":41,"column":null}},"line":8},"2":{"name":"(anonymous_2)","decl":{"start":{"line":22,"column":54},"end":{"line":22,"column":59}},"loc":{"start":{"line":22,"column":59},"end":{"line":22,"column":67}},"line":22},"3":{"name":"(anonymous_3)","decl":{"start":{"line":34,"column":25},"end":{"line":34,"column":31}},"loc":{"start":{"line":34,"column":31},"end":{"line":36,"column":null}},"line":34},"4":{"name":"(anonymous_4)","decl":{"start":{"line":43,"column":21},"end":{"line":43,"column":22}},"loc":{"start":{"line":43,"column":28},"end":{"line":49,"column":null}},"line":43},"5":{"name":"(anonymous_5)","decl":{"start":{"line":51,"column":25},"end":{"line":51,"column":26}},"loc":{"start":{"line":51,"column":32},"end":{"line":53,"column":null}},"line":51},"6":{"name":"(anonymous_6)","decl":{"start":{"line":60,"column":19},"end":{"line":60,"column":20}},"loc":{"start":{"line":60,"column":26},"end":{"line":60,"column":null}},"line":60},"7":{"name":"(anonymous_7)","decl":{"start":{"line":61,"column":19},"end":{"line":61,"column":20}},"loc":{"start":{"line":61,"column":26},"end":{"line":61,"column":null}},"line":61},"8":{"name":"(anonymous_8)","decl":{"start":{"line":117,"column":21},"end":{"line":117,"column":27}},"loc":{"start":{"line":117,"column":27},"end":{"line":121,"column":null}},"line":117}},"branchMap":{"0":{"loc":{"start":{"line":3,"column":22},"end":{"line":3,"column":62}},"type":"default-arg","locations":[{"start":{"line":3,"column":38},"end":{"line":3,"column":62}}],"line":3},"1":{"loc":{"start":{"line":3,"column":62},"end":{"line":3,"column":77}},"type":"default-arg","locations":[{"start":{"line":3,"column":74},"end":{"line":3,"column":77}}],"line":3},"2":{"loc":{"start":{"line":10,"column":4},"end":{"line":10,"column":null}},"type":"if","locations":[{"start":{"line":10,"column":4},"end":{"line":10,"column":null}},{"start":{},"end":{}}],"line":10},"3":{"loc":{"start":{"line":16,"column":4},"end":{"line":19,"column":null}},"type":"if","locations":[{"start":{"line":16,"column":4},"end":{"line":19,"column":null}},{"start":{},"end":{}}],"line":16},"4":{"loc":{"start":{"line":24,"column":4},"end":{"line":27,"column":null}},"type":"if","locations":[{"start":{"line":24,"column":4},"end":{"line":27,"column":null}},{"start":{},"end":{}}],"line":24},"5":{"loc":{"start":{"line":32,"column":4},"end":{"line":40,"column":null}},"type":"if","locations":[{"start":{"line":32,"column":4},"end":{"line":40,"column":null}},{"start":{"line":38,"column":11},"end":{"line":40,"column":null}}],"line":32},"6":{"loc":{"start":{"line":46,"column":2},"end":{"line":48,"column":null}},"type":"if","locations":[{"start":{"line":46,"column":2},"end":{"line":48,"column":null}},{"start":{},"end":{}}],"line":46},"7":{"loc":{"start":{"line":97,"column":5},"end":{"line":100,"column":null}},"type":"binary-expr","locations":[{"start":{"line":97,"column":5},"end":{"line":97,"column":null}},{"start":{"line":98,"column":6},"end":{"line":100,"column":null}}],"line":97},"8":{"loc":{"start":{"line":103,"column":5},"end":{"line":130,"column":null}},"type":"binary-expr","locations":[{"start":{"line":103,"column":5},"end":{"line":103,"column":null}},{"start":{"line":104,"column":6},"end":{"line":130,"column":null}}],"line":103},"9":{"loc":{"start":{"line":133,"column":5},"end":{"line":140,"column":null}},"type":"binary-expr","locations":[{"start":{"line":133,"column":5},"end":{"line":133,"column":null}},{"start":{"line":134,"column":6},"end":{"line":140,"column":null}}],"line":133}},"s":{"0":5,"1":5,"2":5,"3":5,"4":2,"5":2,"6":0,"7":2,"8":2,"9":2,"10":1,"11":1,"12":1,"13":2,"14":1,"15":1,"16":0,"17":0,"18":1,"19":1,"20":0,"21":0,"22":0,"23":0,"24":1,"25":5,"26":0,"27":0,"28":0,"29":0,"30":5,"31":0,"32":5,"33":0,"34":0,"35":0,"36":0,"37":0},"f":{"0":5,"1":2,"2":2,"3":0,"4":0,"5":0,"6":0,"7":0,"8":0},"b":{"0":[5],"1":[5],"2":[0,2],"3":[1,1],"4":[0,1],"5":[0,1],"6":[0,0],"7":[5,1],"8":[5,1],"9":[5,0]},"meta":{"lastBranch":10,"lastFunction":9,"lastStatement":38,"seen":{"f:3:9:3:20":0,"b:3:38:3:62":0,"b:3:74:3:77":1,"s:4:38:4:Infinity":0,"s:5:28:5:Infinity":1,"s:6:24:6:Infinity":2,"s:8:27:41:Infinity":3,"f:8:27:8:28":1,"s:9:17:9:Infinity":4,"b:10:4:10:Infinity:undefined:undefined:undefined:undefined":2,"s:10:4:10:Infinity":5,"s:10:15:10:Infinity":6,"s:12:4:12:Infinity":7,"s:15:19:15:Infinity":8,"b:16:4:19:Infinity:undefined:undefined:undefined:undefined":3,"s:16:4:19:Infinity":9,"s:17:6:17:Infinity":10,"s:18:6:18:Infinity":11,"s:22:25:22:Infinity":12,"f:22:54:22:59":2,"s:22:59:22:67":13,"s:23:26:23:Infinity":14,"b:24:4:27:Infinity:undefined:undefined:undefined:undefined":4,"s:24:4:27:Infinity":15,"s:25:6:25:Infinity":16,"s:26:6:26:Infinity":17,"s:29:4:29:Infinity":18,"b:32:4:40:Infinity:38:11:40:Infinity":5,"s:32:4:40:Infinity":19,"s:33:21:33:Infinity":20,"s:34:6:36:Infinity":21,"f:34:25:34:31":3,"s:35:8:35:Infinity":22,"s:37:6:37:Infinity":23,"s:39:6:39:Infinity":24,"s:43:21:49:Infinity":25,"f:43:21:43:22":4,"s:44:2:44:Infinity":26,"s:45:15:45:Infinity":27,"b:46:2:48:Infinity:undefined:undefined:undefined:undefined":6,"s:46:2:48:Infinity":28,"s:47:4:47:Infinity":29,"s:51:25:53:Infinity":30,"f:51:25:51:26":5,"s:52:4:52:Infinity":31,"s:55:2:142:Infinity":32,"f:60:19:60:20":6,"s:60:26:60:Infinity":33,"f:61:19:61:20":7,"s:61:26:61:Infinity":34,"b:97:5:97:Infinity:98:6:100:Infinity":7,"b:103:5:103:Infinity:104:6:130:Infinity":8,"f:117:21:117:27":8,"s:118:14:118:Infinity":35,"s:119:14:119:Infinity":36,"s:120:14:120:Infinity":37,"b:133:5:133:Infinity:134:6:140:Infinity":9}}}
,"/Users/hana.jamal/Documents/CareEntry/careentry-frontend/src/contexts/AuthContext.jsx": {"path":"/Users/hana.jamal/Documents/CareEntry/careentry-frontend/src/contexts/AuthContext.jsx","statementMap":{"0":{"start":{"line":4,"column":6},"end":{"line":4,"column":null}},"1":{"start":{"line":6,"column":28},"end":{"line":66,"column":null}},"2":{"start":{"line":7,"column":22},"end":{"line":7,"column":null}},"3":{"start":{"line":8,"column":28},"end":{"line":8,"column":null}},"4":{"start":{"line":9,"column":8},"end":{"line":9,"column":null}},"5":{"start":{"line":11,"column":2},"end":{"line":20,"column":null}},"6":{"start":{"line":12,"column":18},"end":{"line":12,"column":null}},"7":{"start":{"line":13,"column":22},"end":{"line":13,"column":null}},"8":{"start":{"line":15,"column":4},"end":{"line":17,"column":null}},"9":{"start":{"line":16,"column":6},"end":{"line":16,"column":null}},"10":{"start":{"line":19,"column":4},"end":{"line":19,"column":null}},"11":{"start":{"line":22,"column":16},"end":{"line":32,"column":null}},"12":{"start":{"line":24,"column":25},"end":{"line":27,"column":null}},"13":{"start":{"line":29,"column":4},"end":{"line":29,"column":null}},"14":{"start":{"line":30,"column":4},"end":{"line":30,"column":null}},"15":{"start":{"line":31,"column":4},"end":{"line":31,"column":null}},"16":{"start":{"line":34,"column":17},"end":{"line":39,"column":null}},"17":{"start":{"line":35,"column":4},"end":{"line":35,"column":null}},"18":{"start":{"line":36,"column":4},"end":{"line":36,"column":null}},"19":{"start":{"line":37,"column":4},"end":{"line":37,"column":null}},"20":{"start":{"line":38,"column":4},"end":{"line":38,"column":null}},"21":{"start":{"line":41,"column":26},"end":{"line":43,"column":null}},"22":{"start":{"line":42,"column":4},"end":{"line":42,"column":null}},"23":{"start":{"line":45,"column":17},"end":{"line":47,"column":null}},"24":{"start":{"line":46,"column":4},"end":{"line":46,"column":null}},"25":{"start":{"line":49,"column":20},"end":{"line":51,"column":null}},"26":{"start":{"line":50,"column":4},"end":{"line":50,"column":null}},"27":{"start":{"line":53,"column":2},"end":{"line":64,"column":null}},"28":{"start":{"line":69,"column":23},"end":{"line":75,"column":null}},"29":{"start":{"line":70,"column":8},"end":{"line":70,"column":null}},"30":{"start":{"line":71,"column":2},"end":{"line":73,"column":null}},"31":{"start":{"line":72,"column":4},"end":{"line":72,"column":null}},"32":{"start":{"line":74,"column":2},"end":{"line":74,"column":null}}},"fnMap":{"0":{"name":"(anonymous_0)","decl":{"start":{"line":6,"column":28},"end":{"line":6,"column":29}},"loc":{"start":{"line":6,"column":46},"end":{"line":66,"column":null}},"line":6},"1":{"name":"(anonymous_1)","decl":{"start":{"line":11,"column":12},"end":{"line":11,"column":18}},"loc":{"start":{"line":11,"column":18},"end":{"line":20,"column":5}},"line":11},"2":{"name":"(anonymous_2)","decl":{"start":{"line":22,"column":16},"end":{"line":22,"column":17}},"loc":{"start":{"line":22,"column":37},"end":{"line":32,"column":null}},"line":22},"3":{"name":"(anonymous_3)","decl":{"start":{"line":34,"column":17},"end":{"line":34,"column":23}},"loc":{"start":{"line":34,"column":23},"end":{"line":39,"column":null}},"line":34},"4":{"name":"(anonymous_4)","decl":{"start":{"line":41,"column":26},"end":{"line":41,"column":32}},"loc":{"start":{"line":41,"column":32},"end":{"line":43,"column":null}},"line":41},"5":{"name":"(anonymous_5)","decl":{"start":{"line":45,"column":17},"end":{"line":45,"column":23}},"loc":{"start":{"line":45,"column":23},"end":{"line":47,"column":null}},"line":45},"6":{"name":"(anonymous_6)","decl":{"start":{"line":49,"column":20},"end":{"line":49,"column":26}},"loc":{"start":{"line":49,"column":26},"end":{"line":51,"column":null}},"line":49},"7":{"name":"(anonymous_7)","decl":{"start":{"line":69,"column":23},"end":{"line":69,"column":29}},"loc":{"start":{"line":69,"column":29},"end":{"line":75,"column":null}},"line":69}},"branchMap":{"0":{"loc":{"start":{"line":15,"column":4},"end":{"line":17,"column":null}},"type":"if","locations":[{"start":{"line":15,"column":4},"end":{"line":17,"column":null}},{"start":{},"end":{}}],"line":15},"1":{"loc":{"start":{"line":15,"column":8},"end":{"line":15,"column":28}},"type":"binary-expr","locations":[{"start":{"line":15,"column":8},"end":{"line":15,"column":17}},{"start":{"line":15,"column":17},"end":{"line":15,"column":28}}],"line":15},"2":{"loc":{"start":{"line":26,"column":12},"end":{"line":26,"column":null}},"type":"binary-expr","locations":[{"start":{"line":26,"column":12},"end":{"line":26,"column":29}},{"start":{"line":26,"column":29},"end":{"line":26,"column":null}}],"line":26},"3":{"loc":{"start":{"line":42,"column":11},"end":{"line":42,"column":null}},"type":"binary-expr","locations":[{"start":{"line":42,"column":11},"end":{"line":42,"column":21}},{"start":{"line":42,"column":21},"end":{"line":42,"column":null}}],"line":42},"4":{"loc":{"start":{"line":46,"column":11},"end":{"line":46,"column":null}},"type":"binary-expr","locations":[{"start":{"line":46,"column":11},"end":{"line":46,"column":36}},{"start":{"line":46,"column":36},"end":{"line":46,"column":null}}],"line":46},"5":{"loc":{"start":{"line":50,"column":11},"end":{"line":50,"column":null}},"type":"binary-expr","locations":[{"start":{"line":50,"column":11},"end":{"line":50,"column":39}},{"start":{"line":50,"column":39},"end":{"line":50,"column":null}}],"line":50},"6":{"loc":{"start":{"line":71,"column":2},"end":{"line":73,"column":null}},"type":"if","locations":[{"start":{"line":71,"column":2},"end":{"line":73,"column":null}},{"start":{},"end":{}}],"line":71}},"s":{"0":1,"1":1,"2":6,"3":6,"4":6,"5":6,"6":3,"7":3,"8":3,"9":0,"10":3,"11":6,"12":0,"13":0,"14":0,"15":0,"16":6,"17":0,"18":0,"19":0,"20":0,"21":6,"22":0,"23":6,"24":0,"25":6,"26":0,"27":6,"28":1,"29":6,"30":6,"31":0,"32":6},"f":{"0":6,"1":3,"2":0,"3":0,"4":0,"5":0,"6":0,"7":6},"b":{"0":[0,3],"1":[3,0],"2":[0,0],"3":[0,0],"4":[0,0],"5":[0,0],"6":[0,6]},"meta":{"lastBranch":7,"lastFunction":8,"lastStatement":33,"seen":{"s:4:6:4:Infinity":0,"s:6:28:66:Infinity":1,"f:6:28:6:29":0,"s:7:22:7:Infinity":2,"s:8:28:8:Infinity":3,"s:9:8:9:Infinity":4,"s:11:2:20:Infinity":5,"f:11:12:11:18":1,"s:12:18:12:Infinity":6,"s:13:22:13:Infinity":7,"b:15:4:17:Infinity:undefined:undefined:undefined:undefined":0,"s:15:4:17:Infinity":8,"b:15:8:15:17:15:17:15:28":1,"s:16:6:16:Infinity":9,"s:19:4:19:Infinity":10,"s:22:16:32:Infinity":11,"f:22:16:22:17":2,"s:24:25:27:Infinity":12,"b:26:12:26:29:26:29:26:Infinity":2,"s:29:4:29:Infinity":13,"s:30:4:30:Infinity":14,"s:31:4:31:Infinity":15,"s:34:17:39:Infinity":16,"f:34:17:34:23":3,"s:35:4:35:Infinity":17,"s:36:4:36:Infinity":18,"s:37:4:37:Infinity":19,"s:38:4:38:Infinity":20,"s:41:26:43:Infinity":21,"f:41:26:41:32":4,"s:42:4:42:Infinity":22,"b:42:11:42:21:42:21:42:Infinity":3,"s:45:17:47:Infinity":23,"f:45:17:45:23":5,"s:46:4:46:Infinity":24,"b:46:11:46:36:46:36:46:Infinity":4,"s:49:20:51:Infinity":25,"f:49:20:49:26":6,"s:50:4:50:Infinity":26,"b:50:11:50:39:50:39:50:Infinity":5,"s:53:2:64:Infinity":27,"s:69:23:75:Infinity":28,"f:69:23:69:29":7,"s:70:8:70:Infinity":29,"b:71:2:73:Infinity:undefined:undefined:undefined:undefined":6,"s:71:2:73:Infinity":30,"s:72:4:72:Infinity":31,"s:74:2:74:Infinity":32}}}
,"/Users/hana.jamal/Documents/CareEntry/careentry-frontend/src/pages/LoginPage.jsx": {"path":"/Users/hana.jamal/Documents/CareEntry/careentry-frontend/src/pages/LoginPage.jsx","statementMap":{"0":{"start":{"line":8,"column":16},"end":{"line":8,"column":null}},"1":{"start":{"line":9,"column":8},"end":{"line":9,"column":null}},"2":{"start":{"line":10,"column":24},"end":{"line":10,"column":null}},"3":{"start":{"line":11,"column":30},"end":{"line":11,"column":null}},"4":{"start":{"line":12,"column":24},"end":{"line":12,"column":null}},"5":{"start":{"line":13,"column":28},"end":{"line":13,"column":null}},"6":{"start":{"line":15,"column":23},"end":{"line":86,"column":null}},"7":{"start":{"line":16,"column":4},"end":{"line":16,"column":null}},"8":{"start":{"line":17,"column":4},"end":{"line":17,"column":null}},"9":{"start":{"line":19,"column":4},"end":{"line":22,"column":null}},"10":{"start":{"line":20,"column":6},"end":{"line":20,"column":null}},"11":{"start":{"line":21,"column":6},"end":{"line":21,"column":null}},"12":{"start":{"line":24,"column":4},"end":{"line":24,"column":null}},"13":{"start":{"line":27,"column":0},"end":{"line":42,"column":null}},"14":{"start":{"line":28,"column":19},"end":{"line":34,"column":null}},"15":{"start":{"line":36,"column":20},"end":{"line":36,"column":null}},"16":{"start":{"line":38,"column":2},"end":{"line":38,"column":null}},"17":{"start":{"line":39,"column":2},"end":{"line":39,"column":null}},"18":{"start":{"line":40,"column":2},"end":{"line":40,"column":null}},"19":{"start":{"line":41,"column":2},"end":{"line":41,"column":null}},"20":{"start":{"line":44,"column":0},"end":{"line":59,"column":null}},"21":{"start":{"line":45,"column":22},"end":{"line":51,"column":null}},"22":{"start":{"line":53,"column":20},"end":{"line":53,"column":null}},"23":{"start":{"line":55,"column":2},"end":{"line":55,"column":null}},"24":{"start":{"line":56,"column":2},"end":{"line":56,"column":null}},"25":{"start":{"line":57,"column":2},"end":{"line":57,"column":null}},"26":{"start":{"line":58,"column":2},"end":{"line":58,"column":null}},"27":{"start":{"line":62,"column":17},"end":{"line":62,"column":null}},"28":{"start":{"line":63,"column":18},"end":{"line":68,"column":null}},"29":{"start":{"line":71,"column":24},"end":{"line":71,"column":null}},"30":{"start":{"line":72,"column":25},"end":{"line":72,"column":null}},"31":{"start":{"line":74,"column":2},"end":{"line":74,"column":null}},"32":{"start":{"line":77,"column":2},"end":{"line":85,"column":null}},"33":{"start":{"line":78,"column":21},"end":{"line":78,"column":null}},"34":{"start":{"line":79,"column":4},"end":{"line":79,"column":null}},"35":{"start":{"line":80,"column":4},"end":{"line":80,"column":null}},"36":{"start":{"line":82,"column":4},"end":{"line":82,"column":null}},"37":{"start":{"line":84,"column":4},"end":{"line":84,"column":null}},"38":{"start":{"line":89,"column":2},"end":{"line":153,"column":null}},"39":{"start":{"line":116,"column":31},"end":{"line":116,"column":null}},"40":{"start":{"line":131,"column":31},"end":{"line":131,"column":null}}},"fnMap":{"0":{"name":"LoginPage","decl":{"start":{"line":7,"column":9},"end":{"line":7,"column":21}},"loc":{"start":{"line":7,"column":21},"end":{"line":155,"column":null}},"line":7},"1":{"name":"(anonymous_1)","decl":{"start":{"line":15,"column":23},"end":{"line":15,"column":30}},"loc":{"start":{"line":15,"column":36},"end":{"line":86,"column":null}},"line":15},"2":{"name":"createMockJWT","decl":{"start":{"line":61,"column":9},"end":{"line":61,"column":23}},"loc":{"start":{"line":61,"column":29},"end":{"line":75,"column":null}},"line":61},"3":{"name":"(anonymous_3)","decl":{"start":{"line":116,"column":24},"end":{"line":116,"column":25}},"loc":{"start":{"line":116,"column":31},"end":{"line":116,"column":null}},"line":116},"4":{"name":"(anonymous_4)","decl":{"start":{"line":131,"column":24},"end":{"line":131,"column":25}},"loc":{"start":{"line":131,"column":31},"end":{"line":131,"column":null}},"line":131}},"branchMap":{"0":{"loc":{"start":{"line":19,"column":4},"end":{"line":22,"column":null}},"type":"if","locations":[{"start":{"line":19,"column":4},"end":{"line":22,"column":null}},{"start":{},"end":{}}],"line":19},"1":{"loc":{"start":{"line":19,"column":8},"end":{"line":19,"column":29}},"type":"binary-expr","locations":[{"start":{"line":19,"column":8},"end":{"line":19,"column":18}},{"start":{"line":19,"column":18},"end":{"line":19,"column":29}}],"line":19},"2":{"loc":{"start":{"line":27,"column":0},"end":{"line":42,"column":null}},"type":"if","locations":[{"start":{"line":27,"column":0},"end":{"line":42,"column":null}},{"start":{},"end":{}}],"line":27},"3":{"loc":{"start":{"line":27,"column":4},"end":{"line":27,"column":56}},"type":"binary-expr","locations":[{"start":{"line":27,"column":4},"end":{"line":27,"column":32}},{"start":{"line":27,"column":32},"end":{"line":27,"column":56}}],"line":27},"4":{"loc":{"start":{"line":44,"column":0},"end":{"line":59,"column":null}},"type":"if","locations":[{"start":{"line":44,"column":0},"end":{"line":59,"column":null}},{"start":{},"end":{}}],"line":44},"5":{"loc":{"start":{"line":44,"column":4},"end":{"line":44,"column":59}},"type":"binary-expr","locations":[{"start":{"line":44,"column":4},"end":{"line":44,"column":35}},{"start":{"line":44,"column":35},"end":{"line":44,"column":59}}],"line":44},"6":{"loc":{"start":{"line":82,"column":13},"end":{"line":82,"column":115}},"type":"binary-expr","locations":[{"start":{"line":82,"column":13},"end":{"line":82,"column":28}},{"start":{"line":82,"column":28},"end":{"line":82,"column":115}}],"line":82},"7":{"loc":{"start":{"line":101,"column":9},"end":{"line":104,"column":null}},"type":"binary-expr","locations":[{"start":{"line":101,"column":9},"end":{"line":101,"column":null}},{"start":{"line":102,"column":10},"end":{"line":104,"column":null}}],"line":101},"8":{"loc":{"start":{"line":143,"column":13},"end":{"line":143,"column":null}},"type":"cond-expr","locations":[{"start":{"line":143,"column":23},"end":{"line":143,"column":46}},{"start":{"line":143,"column":46},"end":{"line":143,"column":null}}],"line":143}},"s":{"0":6,"1":6,"2":6,"3":6,"4":6,"5":6,"6":6,"7":0,"8":0,"9":0,"10":0,"11":0,"12":0,"13":0,"14":0,"15":0,"16":0,"17":0,"18":0,"19":0,"20":0,"21":0,"22":0,"23":0,"24":0,"25":0,"26":0,"27":0,"28":0,"29":0,"30":0,"31":0,"32":0,"33":0,"34":0,"35":0,"36":0,"37":0,"38":6,"39":0,"40":0},"f":{"0":6,"1":0,"2":0,"3":0,"4":0},"b":{"0":[0,0],"1":[0,0],"2":[0,0],"3":[0,0],"4":[0,0],"5":[0,0],"6":[0,0],"7":[6,0],"8":[0,6]},"meta":{"lastBranch":9,"lastFunction":5,"lastStatement":41,"seen":{"f:7:9:7:21":0,"s:8:16:8:Infinity":0,"s:9:8:9:Infinity":1,"s:10:24:10:Infinity":2,"s:11:30:11:Infinity":3,"s:12:24:12:Infinity":4,"s:13:28:13:Infinity":5,"s:15:23:86:Infinity":6,"f:15:23:15:30":1,"s:16:4:16:Infinity":7,"s:17:4:17:Infinity":8,"b:19:4:22:Infinity:undefined:undefined:undefined:undefined":0,"s:19:4:22:Infinity":9,"b:19:8:19:18:19:18:19:29":1,"s:20:6:20:Infinity":10,"s:21:6:21:Infinity":11,"s:24:4:24:Infinity":12,"b:27:0:42:Infinity:undefined:undefined:undefined:undefined":2,"s:27:0:42:Infinity":13,"b:27:4:27:32:27:32:27:56":3,"s:28:19:34:Infinity":14,"s:36:20:36:Infinity":15,"s:38:2:38:Infinity":16,"s:39:2:39:Infinity":17,"s:40:2:40:Infinity":18,"s:41:2:41:Infinity":19,"b:44:0:59:Infinity:undefined:undefined:undefined:undefined":4,"s:44:0:59:Infinity":20,"b:44:4:44:35:44:35:44:59":5,"s:45:22:51:Infinity":21,"s:53:20:53:Infinity":22,"s:55:2:55:Infinity":23,"s:56:2:56:Infinity":24,"s:57:2:57:Infinity":25,"s:58:2:58:Infinity":26,"f:61:9:61:23":2,"s:62:17:62:Infinity":27,"s:63:18:68:Infinity":28,"s:71:24:71:Infinity":29,"s:72:25:72:Infinity":30,"s:74:2:74:Infinity":31,"s:77:2:85:Infinity":32,"s:78:21:78:Infinity":33,"s:79:4:79:Infinity":34,"s:80:4:80:Infinity":35,"s:82:4:82:Infinity":36,"b:82:13:82:28:82:28:82:115":6,"s:84:4:84:Infinity":37,"s:89:2:153:Infinity":38,"b:101:9:101:Infinity:102:10:104:Infinity":7,"f:116:24:116:25":3,"s:116:31:116:Infinity":39,"f:131:24:131:25":4,"s:131:31:131:Infinity":40,"b:143:23:143:46:143:46:143:Infinity":8}}}
,"/Users/hana.jamal/Documents/CareEntry/careentry-frontend/src/services/api.js": {"path":"/Users/hana.jamal/Documents/CareEntry/careentry-frontend/src/services/api.js","statementMap":{"0":{"start":{"line":3,"column":21},"end":{"line":3,"column":55}},"1":{"start":{"line":6,"column":16},"end":{"line":6,"column":50}},"2":{"start":{"line":8,"column":18},"end":{"line":12,"column":3}},"3":{"start":{"line":14,"column":2},"end":{"line":29,"column":null}},"4":{"start":{"line":15,"column":21},"end":{"line":18,"column":6}},"5":{"start":{"line":20,"column":4},"end":{"line":23,"column":null}},"6":{"start":{"line":21,"column":20},"end":{"line":21,"column":59}},"7":{"start":{"line":21,"column":55},"end":{"line":21,"column":57}},"8":{"start":{"line":22,"column":6},"end":{"line":22,"column":null}},"9":{"start":{"line":25,"column":4},"end":{"line":25,"column":null}},"10":{"start":{"line":27,"column":4},"end":{"line":27,"column":null}},"11":{"start":{"line":28,"column":4},"end":{"line":28,"column":null}},"12":{"start":{"line":33,"column":27},"end":{"line":77,"column":1}},"13":{"start":{"line":35,"column":21},"end":{"line":38,"column":6}},"14":{"start":{"line":40,"column":18},"end":{"line":40,"column":32}},"15":{"start":{"line":42,"column":24},"end":{"line":42,"column":41}},"16":{"start":{"line":44,"column":17},"end":{"line":50,"column":5}},"17":{"start":{"line":52,"column":4},"end":{"line":55,"column":null}},"18":{"start":{"line":59,"column":4},"end":{"line":69,"column":null}},"19":{"start":{"line":73,"column":4},"end":{"line":73,"column":null}},"20":{"start":{"line":74,"column":4},"end":{"line":74,"column":null}},"21":{"start":{"line":75,"column":4},"end":{"line":75,"column":null}},"22":{"start":{"line":80,"column":32},"end":{"line":95,"column":1}},"23":{"start":{"line":82,"column":4},"end":{"line":82,"column":null}},"24":{"start":{"line":86,"column":4},"end":{"line":86,"column":null}},"25":{"start":{"line":90,"column":4},"end":{"line":93,"column":null}},"26":{"start":{"line":98,"column":31},"end":{"line":115,"column":1}},"27":{"start":{"line":100,"column":4},"end":{"line":100,"column":null}},"28":{"start":{"line":104,"column":4},"end":{"line":107,"column":null}},"29":{"start":{"line":111,"column":4},"end":{"line":113,"column":null}},"30":{"start":{"line":118,"column":35},"end":{"line":132,"column":1}},"31":{"start":{"line":121,"column":21},"end":{"line":121,"column":79}},"32":{"start":{"line":122,"column":4},"end":{"line":122,"column":null}},"33":{"start":{"line":126,"column":21},"end":{"line":129,"column":6}},"34":{"start":{"line":130,"column":4},"end":{"line":130,"column":null}},"35":{"start":{"line":136,"column":31},"end":{"line":147,"column":1}},"36":{"start":{"line":138,"column":4},"end":{"line":138,"column":null}},"37":{"start":{"line":142,"column":4},"end":{"line":145,"column":null}},"38":{"start":{"line":150,"column":29},"end":{"line":172,"column":1}},"39":{"start":{"line":152,"column":21},"end":{"line":152,"column":35}},"40":{"start":{"line":153,"column":4},"end":{"line":153,"column":null}},"41":{"start":{"line":154,"column":4},"end":{"line":154,"column":null}},"42":{"start":{"line":156,"column":18},"end":{"line":156,"column":52}},"43":{"start":{"line":158,"column":21},"end":{"line":164,"column":6}},"44":{"start":{"line":166,"column":4},"end":{"line":168,"column":null}},"45":{"start":{"line":167,"column":6},"end":{"line":167,"column":null}},"46":{"start":{"line":170,"column":4},"end":{"line":170,"column":null}}},"fnMap":{"0":{"name":"fetchWithAuth","decl":{"start":{"line":5,"column":15},"end":{"line":5,"column":28}},"loc":{"start":{"line":5,"column":48},"end":{"line":30,"column":null}},"line":5},"1":{"name":"(anonymous_1)","decl":{"start":{"line":21,"column":48},"end":{"line":21,"column":49}},"loc":{"start":{"line":21,"column":55},"end":{"line":21,"column":57}},"line":21},"2":{"name":"(anonymous_2)","decl":{"start":{"line":34,"column":9},"end":{"line":34,"column":14}},"loc":{"start":{"line":34,"column":36},"end":{"line":56,"column":3}},"line":34},"3":{"name":"(anonymous_3)","decl":{"start":{"line":58,"column":14},"end":{"line":58,"column":19}},"loc":{"start":{"line":58,"column":34},"end":{"line":70,"column":3}},"line":58},"4":{"name":"(anonymous_4)","decl":{"start":{"line":72,"column":10},"end":{"line":72,"column":15}},"loc":{"start":{"line":72,"column":22},"end":{"line":76,"column":3}},"line":72},"5":{"name":"(anonymous_5)","decl":{"start":{"line":81,"column":10},"end":{"line":81,"column":15}},"loc":{"start":{"line":81,"column":22},"end":{"line":83,"column":3}},"line":81},"6":{"name":"(anonymous_6)","decl":{"start":{"line":85,"column":11},"end":{"line":85,"column":16}},"loc":{"start":{"line":85,"column":25},"end":{"line":87,"column":3}},"line":85},"7":{"name":"(anonymous_7)","decl":{"start":{"line":89,"column":10},"end":{"line":89,"column":15}},"loc":{"start":{"line":89,"column":30},"end":{"line":94,"column":null}},"line":89},"8":{"name":"(anonymous_8)","decl":{"start":{"line":99,"column":10},"end":{"line":99,"column":15}},"loc":{"start":{"line":99,"column":22},"end":{"line":101,"column":3}},"line":99},"9":{"name":"(anonymous_9)","decl":{"start":{"line":103,"column":8},"end":{"line":103,"column":13}},"loc":{"start":{"line":103,"column":31},"end":{"line":108,"column":3}},"line":103},"10":{"name":"(anonymous_10)","decl":{"start":{"line":110,"column":14},"end":{"line":110,"column":19}},"loc":{"start":{"line":110,"column":35},"end":{"line":114,"column":null}},"line":110},"11":{"name":"(anonymous_11)","decl":{"start":{"line":119,"column":15},"end":{"line":119,"column":20}},"loc":{"start":{"line":119,"column":33},"end":{"line":123,"column":3}},"line":119},"12":{"name":"(anonymous_12)","decl":{"start":{"line":125,"column":10},"end":{"line":125,"column":15}},"loc":{"start":{"line":125,"column":48},"end":{"line":131,"column":null}},"line":125},"13":{"name":"(anonymous_13)","decl":{"start":{"line":137,"column":18},"end":{"line":137,"column":23}},"loc":{"start":{"line":137,"column":39},"end":{"line":139,"column":3}},"line":137},"14":{"name":"(anonymous_14)","decl":{"start":{"line":141,"column":10},"end":{"line":141,"column":15}},"loc":{"start":{"line":141,"column":34},"end":{"line":146,"column":null}},"line":141},"15":{"name":"(anonymous_15)","decl":{"start":{"line":151,"column":14},"end":{"line":151,"column":19}},"loc":{"start":{"line":151,"column":41},"end":{"line":171,"column":3}},"line":151}},"branchMap":{"0":{"loc":{"start":{"line":5,"column":34},"end":{"line":5,"column":46}},"type":"default-arg","locations":[{"start":{"line":5,"column":44},"end":{"line":5,"column":46}}],"line":5},"1":{"loc":{"start":{"line":10,"column":8},"end":{"line":10,"column":55}},"type":"binary-expr","locations":[{"start":{"line":10,"column":8},"end":{"line":10,"column":13}},{"start":{"line":10,"column":17},"end":{"line":10,"column":55}}],"line":10},"2":{"loc":{"start":{"line":20,"column":4},"end":{"line":23,"column":null}},"type":"if","locations":[{"start":{"line":20,"column":4},"end":{"line":23,"column":null}},{"start":{},"end":{}}],"line":20},"3":{"loc":{"start":{"line":22,"column":22},"end":{"line":22,"column":64}},"type":"binary-expr","locations":[{"start":{"line":22,"column":22},"end":{"line":22,"column":35}},{"start":{"line":22,"column":39},"end":{"line":22,"column":64}}],"line":22},"4":{"loc":{"start":{"line":49,"column":12},"end":{"line":49,"column":76}},"type":"cond-expr","locations":[{"start":{"line":49,"column":58},"end":{"line":49,"column":64}},{"start":{"line":49,"column":67},"end":{"line":49,"column":76}}],"line":49},"5":{"loc":{"start":{"line":161,"column":12},"end":{"line":161,"column":59}},"type":"binary-expr","locations":[{"start":{"line":161,"column":12},"end":{"line":161,"column":17}},{"start":{"line":161,"column":21},"end":{"line":161,"column":59}}],"line":161},"6":{"loc":{"start":{"line":166,"column":4},"end":{"line":168,"column":null}},"type":"if","locations":[{"start":{"line":166,"column":4},"end":{"line":168,"column":null}},{"start":{},"end":{}}],"line":166}},"s":{"0":2,"1":3,"2":3,"3":3,"4":3,"5":3,"6":1,"7":0,"8":1,"9":2,"10":1,"11":1,"12":2,"13":2,"14":1,"15":1,"16":1,"17":2,"18":0,"19":0,"20":0,"21":0,"22":2,"23":1,"24":0,"25":0,"26":2,"27":0,"28":0,"29":0,"30":2,"31":0,"32":0,"33":0,"34":0,"35":2,"36":0,"37":0,"38":2,"39":0,"40":0,"41":0,"42":0,"43":0,"44":0,"45":0,"46":0},"f":{"0":3,"1":0,"2":2,"3":0,"4":0,"5":1,"6":0,"7":0,"8":0,"9":0,"10":0,"11":0,"12":0,"13":0,"14":0,"15":0},"b":{"0":[3],"1":[3,0],"2":[1,2],"3":[1,0],"4":[0,1],"5":[0,0],"6":[0,0]},"meta":{"lastBranch":7,"lastFunction":16,"lastStatement":47,"seen":{"s:3:21:3:55":0,"f:5:15:5:28":0,"b:5:44:5:46":0,"s:6:16:6:50":1,"s:8:18:12:3":2,"b:10:8:10:13:10:17:10:55":1,"s:14:2:29:Infinity":3,"s:15:21:18:6":4,"b:20:4:23:Infinity:undefined:undefined:undefined:undefined":2,"s:20:4:23:Infinity":5,"s:21:20:21:59":6,"f:21:48:21:49":1,"s:21:55:21:57":7,"s:22:6:22:Infinity":8,"b:22:22:22:35:22:39:22:64":3,"s:25:4:25:Infinity":9,"s:27:4:27:Infinity":10,"s:28:4:28:Infinity":11,"s:33:27:77:1":12,"f:34:9:34:14":2,"s:35:21:38:6":13,"s:40:18:40:32":14,"s:42:24:42:41":15,"s:44:17:50:5":16,"b:49:58:49:64:49:67:49:76":4,"s:52:4:55:Infinity":17,"f:58:14:58:19":3,"s:59:4:69:Infinity":18,"f:72:10:72:15":4,"s:73:4:73:Infinity":19,"s:74:4:74:Infinity":20,"s:75:4:75:Infinity":21,"s:80:32:95:1":22,"f:81:10:81:15":5,"s:82:4:82:Infinity":23,"f:85:11:85:16":6,"s:86:4:86:Infinity":24,"f:89:10:89:15":7,"s:90:4:93:Infinity":25,"s:98:31:115:1":26,"f:99:10:99:15":8,"s:100:4:100:Infinity":27,"f:103:8:103:13":9,"s:104:4:107:Infinity":28,"f:110:14:110:19":10,"s:111:4:113:Infinity":29,"s:118:35:132:1":30,"f:119:15:119:20":11,"s:121:21:121:79":31,"s:122:4:122:Infinity":32,"f:125:10:125:15":12,"s:126:21:129:6":33,"s:130:4:130:Infinity":34,"s:136:31:147:1":35,"f:137:18:137:23":13,"s:138:4:138:Infinity":36,"f:141:10:141:15":14,"s:142:4:145:Infinity":37,"s:150:29:172:1":38,"f:151:14:151:19":15,"s:152:21:152:35":39,"s:153:4:153:Infinity":40,"s:154:4:154:Infinity":41,"s:156:18:156:52":42,"s:158:21:164:6":43,"b:161:12:161:17:161:21:161:59":5,"b:166:4:168:Infinity:undefined:undefined:undefined:undefined":6,"s:166:4:168:Infinity":44,"s:167:6:167:Infinity":45,"s:170:4:170:Infinity":46}}}
,"/Users/hana.jamal/Documents/CareEntry/careentry-frontend/src/utils/pdfGenerator.js": {"path":"/Users/hana.jamal/Documents/CareEntry/careentry-frontend/src/utils/pdfGenerator.js","statementMap":{"0":{"start":{"line":3,"column":35},"end":{"line":119,"column":1}},"1":{"start":{"line":4,"column":14},"end":{"line":4,"column":25}},"2":{"start":{"line":7,"column":2},"end":{"line":7,"column":null}},"3":{"start":{"line":8,"column":2},"end":{"line":8,"column":null}},"4":{"start":{"line":9,"column":2},"end":{"line":9,"column":null}},"5":{"start":{"line":11,"column":2},"end":{"line":11,"column":null}},"6":{"start":{"line":12,"column":2},"end":{"line":12,"column":null}},"7":{"start":{"line":15,"column":2},"end":{"line":15,"column":null}},"8":{"start":{"line":16,"column":2},"end":{"line":16,"column":null}},"9":{"start":{"line":17,"column":2},"end":{"line":17,"column":null}},"10":{"start":{"line":20,"column":2},"end":{"line":20,"column":null}},"11":{"start":{"line":21,"column":2},"end":{"line":21,"column":null}},"12":{"start":{"line":23,"column":13},"end":{"line":23,"column":15}},"13":{"start":{"line":26,"column":2},"end":{"line":26,"column":null}},"14":{"start":{"line":27,"column":2},"end":{"line":27,"column":null}},"15":{"start":{"line":28,"column":2},"end":{"line":28,"column":null}},"16":{"start":{"line":29,"column":2},"end":{"line":29,"column":null}},"17":{"start":{"line":31,"column":2},"end":{"line":31,"column":null}},"18":{"start":{"line":32,"column":2},"end":{"line":32,"column":null}},"19":{"start":{"line":34,"column":23},"end":{"line":41,"column":3}},"20":{"start":{"line":43,"column":2},"end":{"line":47,"column":null}},"21":{"start":{"line":44,"column":4},"end":{"line":44,"column":null}},"22":{"start":{"line":45,"column":4},"end":{"line":45,"column":null}},"23":{"start":{"line":46,"column":4},"end":{"line":46,"column":null}},"24":{"start":{"line":49,"column":2},"end":{"line":49,"column":null}},"25":{"start":{"line":52,"column":2},"end":{"line":52,"column":null}},"26":{"start":{"line":53,"column":2},"end":{"line":53,"column":null}},"27":{"start":{"line":54,"column":2},"end":{"line":54,"column":null}},"28":{"start":{"line":55,"column":2},"end":{"line":55,"column":null}},"29":{"start":{"line":57,"column":2},"end":{"line":57,"column":null}},"30":{"start":{"line":58,"column":2},"end":{"line":58,"column":null}},"31":{"start":{"line":61,"column":2},"end":{"line":61,"column":null}},"32":{"start":{"line":62,"column":2},"end":{"line":62,"column":null}},"33":{"start":{"line":63,"column":2},"end":{"line":63,"column":null}},"34":{"start":{"line":64,"column":2},"end":{"line":64,"column":null}},"35":{"start":{"line":65,"column":30},"end":{"line":65,"column":75}},"36":{"start":{"line":66,"column":31},"end":{"line":66,"column":76}},"37":{"start":{"line":67,"column":2},"end":{"line":67,"column":null}},"38":{"start":{"line":68,"column":2},"end":{"line":68,"column":null}},"39":{"start":{"line":71,"column":2},"end":{"line":71,"column":null}},"40":{"start":{"line":72,"column":2},"end":{"line":72,"column":null}},"41":{"start":{"line":73,"column":2},"end":{"line":73,"column":null}},"42":{"start":{"line":74,"column":2},"end":{"line":74,"column":null}},"43":{"start":{"line":75,"column":26},"end":{"line":75,"column":57}},"44":{"start":{"line":76,"column":27},"end":{"line":76,"column":68}},"45":{"start":{"line":77,"column":2},"end":{"line":77,"column":null}},"46":{"start":{"line":78,"column":2},"end":{"line":78,"column":null}},"47":{"start":{"line":81,"column":2},"end":{"line":81,"column":null}},"48":{"start":{"line":82,"column":2},"end":{"line":82,"column":null}},"49":{"start":{"line":83,"column":2},"end":{"line":83,"column":null}},"50":{"start":{"line":84,"column":2},"end":{"line":84,"column":null}},"51":{"start":{"line":85,"column":24},"end":{"line":85,"column":61}},"52":{"start":{"line":86,"column":25},"end":{"line":86,"column":64}},"53":{"start":{"line":87,"column":2},"end":{"line":87,"column":null}},"54":{"start":{"line":88,"column":2},"end":{"line":88,"column":null}},"55":{"start":{"line":91,"column":2},"end":{"line":94,"column":null}},"56":{"start":{"line":92,"column":4},"end":{"line":92,"column":null}},"57":{"start":{"line":93,"column":4},"end":{"line":93,"column":null}},"58":{"start":{"line":97,"column":2},"end":{"line":97,"column":null}},"59":{"start":{"line":98,"column":2},"end":{"line":98,"column":null}},"60":{"start":{"line":99,"column":2},"end":{"line":99,"column":null}},"61":{"start":{"line":100,"column":2},"end":{"line":100,"column":null}},"62":{"start":{"line":101,"column":26},"end":{"line":101,"column":76}},"63":{"start":{"line":102,"column":27},"end":{"line":102,"column":68}},"64":{"start":{"line":103,"column":2},"end":{"line":103,"column":null}},"65":{"start":{"line":104,"column":2},"end":{"line":104,"column":null}},"66":{"start":{"line":107,"column":2},"end":{"line":107,"column":null}},"67":{"start":{"line":108,"column":2},"end":{"line":108,"column":null}},"68":{"start":{"line":109,"column":2},"end":{"line":109,"column":null}},"69":{"start":{"line":112,"column":2},"end":{"line":112,"column":null}},"70":{"start":{"line":113,"column":2},"end":{"line":113,"column":null}},"71":{"start":{"line":114,"column":2},"end":{"line":114,"column":null}},"72":{"start":{"line":117,"column":19},"end":{"line":117,"column":116}},"73":{"start":{"line":118,"column":2},"end":{"line":118,"column":null}}},"fnMap":{"0":{"name":"(anonymous_0)","decl":{"start":{"line":3,"column":35},"end":{"line":3,"column":36}},"loc":{"start":{"line":3,"column":49},"end":{"line":119,"column":1}},"line":3},"1":{"name":"(anonymous_1)","decl":{"start":{"line":43,"column":23},"end":{"line":43,"column":24}},"loc":{"start":{"line":43,"column":43},"end":{"line":47,"column":3}},"line":43}},"branchMap":{"0":{"loc":{"start":{"line":35,"column":17},"end":{"line":35,"column":40}},"type":"binary-expr","locations":[{"start":{"line":35,"column":17},"end":{"line":35,"column":33}},{"start":{"line":35,"column":37},"end":{"line":35,"column":40}}],"line":35},"1":{"loc":{"start":{"line":36,"column":18},"end":{"line":36,"column":42}},"type":"binary-expr","locations":[{"start":{"line":36,"column":18},"end":{"line":36,"column":35}},{"start":{"line":36,"column":39},"end":{"line":36,"column":42}}],"line":36},"2":{"loc":{"start":{"line":37,"column":22},"end":{"line":37,"column":111}},"type":"cond-expr","locations":[{"start":{"line":37,"column":46},"end":{"line":37,"column":105}},{"start":{"line":37,"column":108},"end":{"line":37,"column":111}}],"line":37},"3":{"loc":{"start":{"line":38,"column":20},"end":{"line":38,"column":46}},"type":"binary-expr","locations":[{"start":{"line":38,"column":20},"end":{"line":38,"column":39}},{"start":{"line":38,"column":43},"end":{"line":38,"column":46}}],"line":38},"4":{"loc":{"start":{"line":39,"column":17},"end":{"line":39,"column":40}},"type":"binary-expr","locations":[{"start":{"line":39,"column":17},"end":{"line":39,"column":33}},{"start":{"line":39,"column":37},"end":{"line":39,"column":40}}],"line":39},"5":{"loc":{"start":{"line":40,"column":16},"end":{"line":40,"column":37}},"type":"binary-expr","locations":[{"start":{"line":40,"column":16},"end":{"line":40,"column":30}},{"start":{"line":40,"column":34},"end":{"line":40,"column":37}}],"line":40},"6":{"loc":{"start":{"line":65,"column":30},"end":{"line":65,"column":75}},"type":"binary-expr","locations":[{"start":{"line":65,"column":30},"end":{"line":65,"column":54}},{"start":{"line":65,"column":58},"end":{"line":65,"column":75}}],"line":65},"7":{"loc":{"start":{"line":75,"column":26},"end":{"line":75,"column":57}},"type":"binary-expr","locations":[{"start":{"line":75,"column":26},"end":{"line":75,"column":46}},{"start":{"line":75,"column":50},"end":{"line":75,"column":57}}],"line":75},"8":{"loc":{"start":{"line":85,"column":24},"end":{"line":85,"column":61}},"type":"binary-expr","locations":[{"start":{"line":85,"column":24},"end":{"line":85,"column":42}},{"start":{"line":85,"column":46},"end":{"line":85,"column":61}}],"line":85},"9":{"loc":{"start":{"line":91,"column":2},"end":{"line":94,"column":null}},"type":"if","locations":[{"start":{"line":91,"column":2},"end":{"line":94,"column":null}},{"start":{},"end":{}}],"line":91},"10":{"loc":{"start":{"line":101,"column":26},"end":{"line":101,"column":76}},"type":"binary-expr","locations":[{"start":{"line":101,"column":26},"end":{"line":101,"column":55}},{"start":{"line":101,"column":59},"end":{"line":101,"column":76}}],"line":101}},"s":{"0":1,"1":2,"2":2,"3":2,"4":2,"5":2,"6":2,"7":2,"8":2,"9":2,"10":2,"11":2,"12":2,"13":2,"14":2,"15":2,"16":2,"17":2,"18":2,"19":2,"20":2,"21":12,"22":12,"23":12,"24":2,"25":2,"26":2,"27":2,"28":2,"29":2,"30":2,"31":2,"32":2,"33":2,"34":2,"35":2,"36":2,"37":2,"38":2,"39":2,"40":2,"41":2,"42":2,"43":2,"44":2,"45":2,"46":2,"47":2,"48":2,"49":2,"50":2,"51":2,"52":2,"53":2,"54":2,"55":2,"56":0,"57":0,"58":2,"59":2,"60":2,"61":2,"62":2,"63":2,"64":2,"65":2,"66":2,"67":2,"68":2,"69":2,"70":2,"71":2,"72":2,"73":2},"f":{"0":2,"1":12},"b":{"0":[2,0],"1":[2,1],"2":[1,1],"3":[2,1],"4":[2,1],"5":[2,1],"6":[2,2],"7":[2,2],"8":[2,2],"9":[0,2],"10":[2,2]},"meta":{"lastBranch":11,"lastFunction":2,"lastStatement":74,"seen":{"s:3:35:119:1":0,"f:3:35:3:36":0,"s:4:14:4:25":1,"s:7:2:7:Infinity":2,"s:8:2:8:Infinity":3,"s:9:2:9:Infinity":4,"s:11:2:11:Infinity":5,"s:12:2:12:Infinity":6,"s:15:2:15:Infinity":7,"s:16:2:16:Infinity":8,"s:17:2:17:Infinity":9,"s:20:2:20:Infinity":10,"s:21:2:21:Infinity":11,"s:23:13:23:15":12,"s:26:2:26:Infinity":13,"s:27:2:27:Infinity":14,"s:28:2:28:Infinity":15,"s:29:2:29:Infinity":16,"s:31:2:31:Infinity":17,"s:32:2:32:Infinity":18,"s:34:23:41:3":19,"b:35:17:35:33:35:37:35:40":0,"b:36:18:36:35:36:39:36:42":1,"b:37:46:37:105:37:108:37:111":2,"b:38:20:38:39:38:43:38:46":3,"b:39:17:39:33:39:37:39:40":4,"b:40:16:40:30:40:34:40:37":5,"s:43:2:47:Infinity":20,"f:43:23:43:24":1,"s:44:4:44:Infinity":21,"s:45:4:45:Infinity":22,"s:46:4:46:Infinity":23,"s:49:2:49:Infinity":24,"s:52:2:52:Infinity":25,"s:53:2:53:Infinity":26,"s:54:2:54:Infinity":27,"s:55:2:55:Infinity":28,"s:57:2:57:Infinity":29,"s:58:2:58:Infinity":30,"s:61:2:61:Infinity":31,"s:62:2:62:Infinity":32,"s:63:2:63:Infinity":33,"s:64:2:64:Infinity":34,"s:65:30:65:75":35,"b:65:30:65:54:65:58:65:75":6,"s:66:31:66:76":36,"s:67:2:67:Infinity":37,"s:68:2:68:Infinity":38,"s:71:2:71:Infinity":39,"s:72:2:72:Infinity":40,"s:73:2:73:Infinity":41,"s:74:2:74:Infinity":42,"s:75:26:75:57":43,"b:75:26:75:46:75:50:75:57":7,"s:76:27:76:68":44,"s:77:2:77:Infinity":45,"s:78:2:78:Infinity":46,"s:81:2:81:Infinity":47,"s:82:2:82:Infinity":48,"s:83:2:83:Infinity":49,"s:84:2:84:Infinity":50,"s:85:24:85:61":51,"b:85:24:85:42:85:46:85:61":8,"s:86:25:86:64":52,"s:87:2:87:Infinity":53,"s:88:2:88:Infinity":54,"b:91:2:94:Infinity:undefined:undefined:undefined:undefined":9,"s:91:2:94:Infinity":55,"s:92:4:92:Infinity":56,"s:93:4:93:Infinity":57,"s:97:2:97:Infinity":58,"s:98:2:98:Infinity":59,"s:99:2:99:Infinity":60,"s:100:2:100:Infinity":61,"s:101:26:101:76":62,"b:101:26:101:55:101:59:101:76":10,"s:102:27:102:68":63,"s:103:2:103:Infinity":64,"s:104:2:104:Infinity":65,"s:107:2:107:Infinity":66,"s:108:2:108:Infinity":67,"s:109:2:109:Infinity":68,"s:112:2:112:Infinity":69,"s:113:2:113:Infinity":70,"s:114:2:114:Infinity":71,"s:117:19:117:116":72,"s:118:2:118:Infinity":73}}}
}
